[18.06.2016 13:17:20,688] [main] INFO  org.jgap.gp.impl.GPGenotype  - Creating initial population
[18.06.2016 13:17:20,694] [main] INFO  org.jgap.gp.impl.GPGenotype  - Mem free: 61.5 MB
[18.06.2016 13:17:20,718] [main] INFO  org.jgap.gp.impl.GPPopulation  - Prototype program set
[18.06.2016 13:17:20,866] [main] INFO  org.jgap.gp.impl.GPGenotype  - Mem free after creating population: 61.5 MB
[18.06.2016 13:19:52,327] [main] INFO  org.jgap.gp.impl.GPGenotype  - Creating initial population
[18.06.2016 13:19:52,333] [main] INFO  org.jgap.gp.impl.GPGenotype  - Mem free: 61.5 MB
[18.06.2016 13:19:52,349] [main] INFO  org.jgap.gp.impl.GPPopulation  - Prototype program set
[18.06.2016 13:19:52,403] [main] INFO  org.jgap.gp.impl.GPGenotype  - Mem free after creating population: 61.5 MB
[01.07.2016 01:42:30,299] [main] INFO  org.jgap.gp.impl.GPGenotype  - Creating initial population
[01.07.2016 01:42:30,390] [main] INFO  org.jgap.gp.impl.GPGenotype  - Mem free: 61.5 MB
[01.07.2016 01:42:30,406] [main] INFO  org.jgap.gp.impl.GPPopulation  - Prototype program set
[01.07.2016 01:42:30,790] [main] INFO  org.jgap.gp.impl.GPGenotype  - Mem free after creating population: 61.5 MB
[01.07.2016 01:42:30,794] [main] INFO  org.jgap.gp.impl.GPGenotype  - Your configuration does not contain unused commands, this is good
[01.07.2016 01:42:31,031] [main] INFO  org.jgap.gp.impl.GPGenotype  - Evolving generation 0, memory free: 58.7 MB
[01.07.2016 01:42:31,844] [main] INFO  org.jgap.gp.impl.GPGenotype  - Best solution fitness: 661.71
[01.07.2016 01:42:31,885] [main] INFO  org.jgap.gp.impl.GPGenotype  - Best solution: ADF1((Exp(X)),(3.0 / X),(X * X * 3.0)) ==> (Arg(0) + Arg(1) + Arg(0)) + (Arg(1) + Arg(2) + Arg(2)) + (Arg(2) + Arg(1) + Arg(0))
[01.07.2016 01:42:31,889] [main] INFO  org.jgap.gp.impl.GPGenotype  - Depths of chroms: 2 / 2
[01.07.2016 01:42:32,251] [main] INFO  org.jgap.gp.impl.GPGenotype  - Best solution fitness: 621.78
[01.07.2016 01:42:32,253] [main] INFO  org.jgap.gp.impl.GPGenotype  - Best solution: ADF1((sine X),(X * 3.0),(Exp(X))) ==> ((Arg(1) + Arg(1) + Arg(1)) + Arg(2) + Arg(1)) + (Arg(2) + Arg(2) + Arg(0)) + (Arg(1) + Arg(0) + Arg(2))
[01.07.2016 01:42:32,253] [main] INFO  org.jgap.gp.impl.GPGenotype  - Depths of chroms: 2 / 3
[01.07.2016 01:42:32,674] [main] INFO  org.jgap.gp.impl.GPGenotype  - Best solution fitness: 537.52
[01.07.2016 01:42:32,675] [main] INFO  org.jgap.gp.impl.GPGenotype  - Best solution: ADF1((sine X),(Exp(X)),(Exp(X))) ==> Arg(2) + (Arg(2) + Arg(2) + Arg(2)) + Arg(2)
[01.07.2016 01:42:32,675] [main] INFO  org.jgap.gp.impl.GPGenotype  - Depths of chroms: 2 / 2
[01.07.2016 01:42:33,104] [main] INFO  org.jgap.gp.impl.GPGenotype  - Best solution fitness: 493.11
[01.07.2016 01:42:33,108] [main] INFO  org.jgap.gp.impl.GPGenotype  - Best solution: ADF1((X * X * 3.0),(sine 3.0),(Exp(X))) ==> (Arg(2) + Arg(1) + Arg(2)) + (Arg(1) + Arg(2) + Arg(1)) + (Arg(0) + Arg(2) + Arg(2))
[01.07.2016 01:42:33,109] [main] INFO  org.jgap.gp.impl.GPGenotype  - Depths of chroms: 2 / 2
[01.07.2016 01:42:33,511] [main] INFO  org.jgap.gp.impl.GPGenotype  - Best solution fitness: 493.11
[01.07.2016 01:42:33,512] [main] INFO  org.jgap.gp.impl.GPGenotype  - Best solution: ADF1((X * X * 3.0),(sine 3.0),(Exp(X))) ==> (Arg(2) + Arg(2) + Arg(1)) + (Arg(1) + Arg(2) + Arg(2)) + (Arg(0) + Arg(2) + Arg(1))
[01.07.2016 01:42:33,512] [main] INFO  org.jgap.gp.impl.GPGenotype  - Depths of chroms: 2 / 2
[01.07.2016 01:42:33,820] [main] INFO  org.jgap.gp.impl.GPGenotype  - Best solution fitness: 289.59
[01.07.2016 01:42:33,820] [main] INFO  org.jgap.gp.impl.GPGenotype  - Best solution: ADF1((X * X * 3.0),(sine 3.0),(Exp(X))) ==> ((Arg(0) + Arg(1) + Arg(1)) + Arg(1) + Arg(2)) + (Arg(1) + Arg(2) + Arg(2)) + (Arg(0) + Arg(2) + Arg(1))
[01.07.2016 01:42:33,821] [main] INFO  org.jgap.gp.impl.GPGenotype  - Depths of chroms: 2 / 3
[01.07.2016 01:42:34,143] [main] INFO  org.jgap.gp.impl.GPGenotype  - Best solution fitness: 213.58
[01.07.2016 01:42:34,143] [main] INFO  org.jgap.gp.impl.GPGenotype  - Best solution: ADF1((Exp(X)),((8.0 * X) / (X - 8.0)),(X ^ 3.0)) ==> (Arg(0) + Arg(1) + Arg(0)) + (Arg(1) + Arg(2) + Arg(2)) + (Arg(2) + Arg(2) + Arg(1))
[01.07.2016 01:42:34,143] [main] INFO  org.jgap.gp.impl.GPGenotype  - Depths of chroms: 3 / 2
[01.07.2016 01:42:34,446] [main] INFO  org.jgap.gp.impl.GPGenotype  - Best solution fitness: 116.96
[01.07.2016 01:42:34,447] [main] INFO  org.jgap.gp.impl.GPGenotype  - Best solution: ADF1((X ^ 4.0),(X * X * X),X) ==> Arg(0) + Arg(2) + Arg(1)
[01.07.2016 01:42:34,447] [main] INFO  org.jgap.gp.impl.GPGenotype  - Depths of chroms: 2 / 1
[01.07.2016 01:42:37,163] [main] INFO  org.jgap.gp.impl.GPGenotype  - Best solution fitness: 116.96
[01.07.2016 01:42:37,163] [main] INFO  org.jgap.gp.impl.GPGenotype  - Best solution: ADF1((X ^ 4.0),(X * X * X),X) ==> Arg(2) + Arg(1) + Arg(0)
[01.07.2016 01:42:37,163] [main] INFO  org.jgap.gp.impl.GPGenotype  - Depths of chroms: 2 / 1
[01.07.2016 01:42:39,705] [main] INFO  org.jgap.gp.impl.GPGenotype  - Evolving generation 25, memory free: 44.4 MB
[01.07.2016 01:42:42,444] [main] INFO  org.jgap.gp.impl.GPGenotype  - Best solution fitness: 78.38
[01.07.2016 01:42:42,444] [main] INFO  org.jgap.gp.impl.GPGenotype  - Best solution: ADF1((X ^ 4.0),(X * X * X),X) ==> Arg(1) + (Arg(2) + Arg(2) + Arg(2)) + Arg(0)
[01.07.2016 01:42:42,444] [main] INFO  org.jgap.gp.impl.GPGenotype  - Depths of chroms: 2 / 2
[01.07.2016 01:42:43,962] [main] INFO  org.jgap.gp.impl.GPGenotype  - Evolving generation 50, memory free: 23.2 MB
[01.07.2016 01:42:46,837] [main] INFO  org.jgap.gp.impl.GPGenotype  - Evolving generation 75, memory free: 14.5 MB
[01.07.2016 01:42:49,697] [main] INFO  org.jgap.gp.impl.GPGenotype  - Evolving generation 100, memory free: 36.9 MB
[01.07.2016 01:42:50,588] [main] INFO  org.jgap.gp.impl.GPGenotype  - Best solution fitness: 78.38
[01.07.2016 01:42:50,589] [main] INFO  org.jgap.gp.impl.GPGenotype  - Best solution: ADF1((X ^ 4.0),(X ^ 3.0),X) ==> Arg(1) + (Arg(2) + Arg(2) + Arg(2)) + Arg(0)
[01.07.2016 01:42:50,589] [main] INFO  org.jgap.gp.impl.GPGenotype  - Depths of chroms: 2 / 2
[01.07.2016 01:42:53,895] [main] INFO  org.jgap.gp.impl.GPGenotype  - Evolving generation 125, memory free: 25.9 MB
[01.07.2016 01:42:57,063] [main] INFO  org.jgap.gp.impl.GPGenotype  - Best solution fitness: 78.38
[01.07.2016 01:42:57,063] [main] INFO  org.jgap.gp.impl.GPGenotype  - Best solution: ADF1((X ^ 3.0),(X ^ 4.0),X) ==> Arg(2) + (Arg(2) + Arg(2) + Arg(0)) + Arg(1)
[01.07.2016 01:42:57,063] [main] INFO  org.jgap.gp.impl.GPGenotype  - Depths of chroms: 2 / 2
[01.07.2016 01:43:00,545] [main] INFO  org.jgap.gp.impl.GPGenotype  - Best solution fitness: 78.38
[01.07.2016 01:43:00,546] [main] INFO  org.jgap.gp.impl.GPGenotype  - Best solution: ADF1((X ^ 3.0),(X ^ 4.0),X) ==> Arg(2) + (Arg(0) + Arg(2) + Arg(2)) + Arg(1)
[01.07.2016 01:43:00,546] [main] INFO  org.jgap.gp.impl.GPGenotype  - Depths of chroms: 2 / 2
[01.07.2016 01:43:02,814] [main] INFO  org.jgap.gp.impl.GPGenotype  - Evolving generation 150, memory free: 46.1 MB
[01.07.2016 01:43:10,350] [main] INFO  org.jgap.gp.impl.GPGenotype  - Evolving generation 175, memory free: 20.8 MB
[01.07.2016 01:43:16,444] [main] INFO  org.jgap.gp.impl.GPGenotype  - Evolving generation 200, memory free: 16.7 MB
[01.07.2016 01:43:26,568] [main] INFO  org.jgap.gp.impl.GPGenotype  - Evolving generation 225, memory free: 23.6 MB
[01.07.2016 01:43:28,250] [main] INFO  org.jgap.gp.impl.GPGenotype  - Best solution fitness: 50.58
[01.07.2016 01:43:28,250] [main] INFO  org.jgap.gp.impl.GPGenotype  - Best solution: ADF1((X ^ 3.0),(X ^ 4.0),(X * X)) ==> Arg(1) + Arg(0) + Arg(2)
[01.07.2016 01:43:28,250] [main] INFO  org.jgap.gp.impl.GPGenotype  - Depths of chroms: 2 / 1
[01.07.2016 01:43:29,971] [main] INFO  org.jgap.gp.impl.GPGenotype  - Best solution fitness: 50.58
[01.07.2016 01:43:29,971] [main] INFO  org.jgap.gp.impl.GPGenotype  - Best solution: ADF1((X ^ 3.0),(X ^ 4.0),(X * X)) ==> Arg(2) + Arg(1) + Arg(0)
[01.07.2016 01:43:29,972] [main] INFO  org.jgap.gp.impl.GPGenotype  - Depths of chroms: 2 / 1
[01.07.2016 01:43:35,847] [main] INFO  org.jgap.gp.impl.GPGenotype  - Evolving generation 250, memory free: 2.7 MB
[01.07.2016 01:43:46,763] [main] INFO  org.jgap.gp.impl.GPGenotype  - Evolving generation 275, memory free: 14.7 MB
[01.07.2016 01:43:57,194] [main] INFO  org.jgap.gp.impl.GPGenotype  - Evolving generation 300, memory free: 4.0 MB
[01.07.2016 01:44:10,819] [main] INFO  org.jgap.gp.impl.GPGenotype  - Evolving generation 325, memory free: 14.4 MB
[01.07.2016 01:44:30,716] [main] INFO  org.jgap.gp.impl.GPGenotype  - Evolving generation 350, memory free: 4.2 MB
[01.07.2016 01:44:47,539] [main] INFO  org.jgap.gp.impl.GPGenotype  - Evolving generation 375, memory free: 16.0 MB
[01.07.2016 01:45:03,375] [main] INFO  org.jgap.gp.impl.GPGenotype  - Evolving generation 400, memory free: 15.6 MB
[01.07.2016 01:45:18,365] [main] INFO  org.jgap.gp.impl.GPGenotype  - Evolving generation 425, memory free: 12.0 MB
[01.07.2016 01:45:31,528] [main] INFO  org.jgap.gp.impl.GPGenotype  - Evolving generation 450, memory free: 11.2 MB
[01.07.2016 01:45:45,471] [main] INFO  org.jgap.gp.impl.GPGenotype  - Evolving generation 475, memory free: 20.5 MB
[01.07.2016 01:45:59,543] [main] INFO  org.jgap.gp.impl.GPGenotype  - Evolving generation 500, memory free: 22.2 MB
[01.07.2016 01:46:12,461] [main] INFO  org.jgap.gp.impl.GPGenotype  - Evolving generation 525, memory free: 23.8 MB
[01.07.2016 01:46:24,248] [main] INFO  org.jgap.gp.impl.GPGenotype  - Evolving generation 550, memory free: 19.2 MB
[01.07.2016 01:46:36,146] [main] INFO  org.jgap.gp.impl.GPGenotype  - Evolving generation 575, memory free: 13.5 MB
[01.07.2016 01:46:47,716] [main] INFO  org.jgap.gp.impl.GPGenotype  - Evolving generation 600, memory free: 23.7 MB
[01.07.2016 01:47:00,118] [main] INFO  org.jgap.gp.impl.GPGenotype  - Evolving generation 625, memory free: 13.1 MB
[01.07.2016 01:47:13,398] [main] INFO  org.jgap.gp.impl.GPGenotype  - Evolving generation 650, memory free: 14.2 MB
[01.07.2016 01:47:26,652] [main] INFO  org.jgap.gp.impl.GPGenotype  - Evolving generation 675, memory free: 22.3 MB
[01.07.2016 01:47:39,003] [main] INFO  org.jgap.gp.impl.GPGenotype  - Evolving generation 700, memory free: 17.3 MB
[01.07.2016 01:47:58,238] [main] INFO  org.jgap.gp.impl.GPGenotype  - Evolving generation 725, memory free: 37.1 MB
[01.07.2016 01:48:13,615] [main] INFO  org.jgap.gp.impl.GPGenotype  - Evolving generation 750, memory free: 19.7 MB
[01.07.2016 01:48:27,561] [main] INFO  org.jgap.gp.impl.GPGenotype  - Evolving generation 775, memory free: 22.0 MB
[01.07.2016 01:48:41,331] [main] INFO  org.jgap.gp.impl.GPGenotype  - Best solution fitness: 50.58
[01.07.2016 01:48:41,331] [main] INFO  org.jgap.gp.impl.GPGenotype  - Best solution: ADF1((X ^ 3.0),(X ^ 4.0),(X * X)) ==> Arg(2) + Arg(1) + Arg(0)
[01.07.2016 01:48:41,331] [main] INFO  org.jgap.gp.impl.GPGenotype  - Depths of chroms: 2 / 1
[01.07.2016 03:21:51,881] [main] INFO  org.jgap.gp.impl.GPGenotype  - Creating initial population
[01.07.2016 03:21:52,004] [main] INFO  org.jgap.gp.impl.GPGenotype  - Mem free: 61.5 MB
[01.07.2016 03:21:52,134] [main] INFO  org.jgap.gp.impl.GPPopulation  - Prototype program set
[01.07.2016 03:21:52,331] [main] INFO  org.jgap.gp.impl.GPGenotype  - Mem free after creating population: 61.5 MB
[01.07.2016 03:21:52,335] [main] INFO  org.jgap.gp.impl.GPGenotype  - Your configuration does not contain unused commands, this is good
[01.07.2016 03:21:52,354] [main] INFO  org.jgap.gp.impl.GPGenotype  - Evolving generation 0, memory free: 58.7 MB
[01.07.2016 03:21:52,870] [main] INFO  org.jgap.gp.impl.GPGenotype  - Best solution fitness: 498.95
[01.07.2016 03:21:52,873] [main] INFO  org.jgap.gp.impl.GPGenotype  - Best solution: ADF1((ADF1(4.0,4.0,4.0)),(X ^ 4.0),(4.0 ^ X)) ==> Arg(1)
[01.07.2016 03:21:52,873] [main] INFO  org.jgap.gp.impl.GPGenotype  - Depths of chroms: 2 / 0
[01.07.2016 03:21:53,572] [main] INFO  org.jgap.gp.impl.GPGenotype  - Best solution fitness: 261.66
[01.07.2016 03:21:53,573] [main] INFO  org.jgap.gp.impl.GPGenotype  - Best solution: ADF1((3.0 - 3.0),(sine 3.0),(Exp(X))) ==> (Arg(1) + Arg(2) + Arg(1)) + (Arg(2) + Arg(1) + Arg(2)) + (Arg(2) + Arg(2) + Arg(0))
[01.07.2016 03:21:53,596] [main] INFO  org.jgap.gp.impl.GPGenotype  - Depths of chroms: 2 / 2
[01.07.2016 03:21:54,749] [main] INFO  org.jgap.gp.impl.GPGenotype  - Best solution fitness: 54.65
[01.07.2016 03:21:54,750] [main] INFO  org.jgap.gp.impl.GPGenotype  - Best solution: ADF1((X ^ 4.0),X,(Exp(X))) ==> Arg(2) + Arg(0) + Arg(1)
[01.07.2016 03:21:54,750] [main] INFO  org.jgap.gp.impl.GPGenotype  - Depths of chroms: 2 / 1
[01.07.2016 03:21:58,251] [main] INFO  org.jgap.gp.impl.GPGenotype  - Evolving generation 25, memory free: 35.6 MB
[01.07.2016 03:21:59,793] [main] INFO  org.jgap.gp.impl.GPGenotype  - Best solution fitness: 54.38
[01.07.2016 03:21:59,793] [main] INFO  org.jgap.gp.impl.GPGenotype  - Best solution: ADF1((X ^ 4.0),X,((Exp(X)) - (sine (X * ((Exp(X)) * X))))) ==> Arg(2) + Arg(0) + Arg(1)
[01.07.2016 03:21:59,793] [main] INFO  org.jgap.gp.impl.GPGenotype  - Depths of chroms: 6 / 1
[01.07.2016 03:22:00,700] [main] INFO  org.jgap.gp.impl.GPGenotype  - Best solution fitness: 54.33
[01.07.2016 03:22:00,701] [main] INFO  org.jgap.gp.impl.GPGenotype  - Best solution: ADF1((X ^ 4.0),X,((Exp(X)) - (sine (X * ((Exp(X)) - (sine (Exp(X)))))))) ==> Arg(2) + Arg(0) + Arg(1)
[01.07.2016 03:22:00,701] [main] INFO  org.jgap.gp.impl.GPGenotype  - Depths of chroms: 7 / 1
[01.07.2016 03:22:01,276] [main] INFO  org.jgap.gp.impl.GPGenotype  - Evolving generation 50, memory free: 67.7 MB
[01.07.2016 03:22:01,441] [main] INFO  org.jgap.gp.impl.GPGenotype  - Best solution fitness: 50.41
[01.07.2016 03:22:01,441] [main] INFO  org.jgap.gp.impl.GPGenotype  - Best solution: ADF1((X ^ 4.0),X,((Exp(X)) - (sine (X * ((Exp(X)) - (sine (sine 9.0))))))) ==> Arg(2) + Arg(0) + Arg(1)
[01.07.2016 03:22:01,442] [main] INFO  org.jgap.gp.impl.GPGenotype  - Depths of chroms: 7 / 1
[01.07.2016 03:22:02,383] [main] INFO  org.jgap.gp.impl.GPGenotype  - Best solution fitness: 50.41
[01.07.2016 03:22:02,383] [main] INFO  org.jgap.gp.impl.GPGenotype  - Best solution: ADF1((X ^ 4.0),X,((Exp(X)) - (sine (X * ((Exp(X)) - (sine (sine 9.0))))))) ==> Arg(1) + Arg(0) + Arg(2)
[01.07.2016 03:22:02,383] [main] INFO  org.jgap.gp.impl.GPGenotype  - Depths of chroms: 7 / 1
[01.07.2016 03:22:02,604] [main] INFO  org.jgap.gp.impl.GPGenotype  - Best solution fitness: 50.28
[01.07.2016 03:22:02,605] [main] INFO  org.jgap.gp.impl.GPGenotype  - Best solution: ADF1((X ^ 4.0),X,((Exp(X)) - (sine (X * ((Exp(X)) - (sine (sine (sine 9.0)))))))) ==> Arg(1) + Arg(0) + Arg(2)
[01.07.2016 03:22:02,605] [main] INFO  org.jgap.gp.impl.GPGenotype  - Depths of chroms: 8 / 1
[01.07.2016 03:22:03,042] [main] INFO  org.jgap.gp.impl.GPGenotype  - Best solution fitness: 49.19
[01.07.2016 03:22:03,042] [main] INFO  org.jgap.gp.impl.GPGenotype  - Best solution: ADF1((X ^ 4.0),X,((Exp(X)) - (sine (X * (Exp(X)))))) ==> Arg(1) + Arg(0) + Arg(2)
[01.07.2016 03:22:03,042] [main] INFO  org.jgap.gp.impl.GPGenotype  - Depths of chroms: 5 / 1
[01.07.2016 03:22:03,159] [main] INFO  org.jgap.gp.impl.GPGenotype  - Best solution fitness: 48.04
[01.07.2016 03:22:03,159] [main] INFO  org.jgap.gp.impl.GPGenotype  - Best solution: ADF1((X ^ 4.0),X,((Exp(X)) - (sine (X * ((Exp(X)) - (sine X)))))) ==> Arg(0) + Arg(2) + Arg(1)
[01.07.2016 03:22:03,159] [main] INFO  org.jgap.gp.impl.GPGenotype  - Depths of chroms: 6 / 1
[01.07.2016 03:22:04,286] [main] INFO  org.jgap.gp.impl.GPGenotype  - Evolving generation 75, memory free: 51.2 MB
[01.07.2016 03:22:06,889] [main] INFO  org.jgap.gp.impl.GPGenotype  - Evolving generation 100, memory free: 34.1 MB
[01.07.2016 03:22:09,481] [main] INFO  org.jgap.gp.impl.GPGenotype  - Best solution fitness: 46.37
[01.07.2016 03:22:09,481] [main] INFO  org.jgap.gp.impl.GPGenotype  - Best solution: ADF1((X ^ 4.0),X,((Exp(X)) - (sine (X * ((Exp(X)) - X))))) ==> Arg(0) + Arg(2) + Arg(1)
[01.07.2016 03:22:09,481] [main] INFO  org.jgap.gp.impl.GPGenotype  - Depths of chroms: 6 / 1
[01.07.2016 03:22:09,882] [main] INFO  org.jgap.gp.impl.GPGenotype  - Evolving generation 125, memory free: 20.4 MB
[01.07.2016 03:22:10,640] [main] INFO  org.jgap.gp.impl.GPGenotype  - Best solution fitness: 46.37
[01.07.2016 03:22:10,641] [main] INFO  org.jgap.gp.impl.GPGenotype  - Best solution: ADF1((X ^ 4.0),X,((Exp(X)) - (sine (X * ((Exp(X)) - X))))) ==> Arg(1) + Arg(2) + Arg(0)
[01.07.2016 03:22:10,641] [main] INFO  org.jgap.gp.impl.GPGenotype  - Depths of chroms: 6 / 1
[01.07.2016 03:22:12,379] [main] INFO  org.jgap.gp.impl.GPGenotype  - Evolving generation 150, memory free: 24.1 MB
[01.07.2016 03:22:14,986] [main] INFO  org.jgap.gp.impl.GPGenotype  - Evolving generation 175, memory free: 13.5 MB
[01.07.2016 03:22:17,677] [main] INFO  org.jgap.gp.impl.GPGenotype  - Evolving generation 200, memory free: 29.8 MB
[01.07.2016 03:22:20,330] [main] INFO  org.jgap.gp.impl.GPGenotype  - Evolving generation 225, memory free: 27.1 MB
[01.07.2016 03:22:23,380] [main] INFO  org.jgap.gp.impl.GPGenotype  - Evolving generation 250, memory free: 30.1 MB
[01.07.2016 03:22:26,023] [main] INFO  org.jgap.gp.impl.GPGenotype  - Evolving generation 275, memory free: 26.4 MB
[01.07.2016 03:22:28,449] [main] INFO  org.jgap.gp.impl.GPGenotype  - Evolving generation 300, memory free: 32.9 MB
[01.07.2016 03:22:30,894] [main] INFO  org.jgap.gp.impl.GPGenotype  - Evolving generation 325, memory free: 23.8 MB
[01.07.2016 03:22:33,323] [main] INFO  org.jgap.gp.impl.GPGenotype  - Evolving generation 350, memory free: 24.4 MB
[01.07.2016 03:22:35,622] [main] INFO  org.jgap.gp.impl.GPGenotype  - Evolving generation 375, memory free: 28.0 MB
[01.07.2016 03:22:38,044] [main] INFO  org.jgap.gp.impl.GPGenotype  - Evolving generation 400, memory free: 18.4 MB
[01.07.2016 03:22:40,745] [main] INFO  org.jgap.gp.impl.GPGenotype  - Evolving generation 425, memory free: 25.2 MB
[01.07.2016 03:22:43,272] [main] INFO  org.jgap.gp.impl.GPGenotype  - Evolving generation 450, memory free: 18.6 MB
[01.07.2016 03:22:45,684] [main] INFO  org.jgap.gp.impl.GPGenotype  - Evolving generation 475, memory free: 20.1 MB
[01.07.2016 03:22:48,017] [main] INFO  org.jgap.gp.impl.GPGenotype  - Evolving generation 500, memory free: 43.0 MB
[01.07.2016 03:22:50,596] [main] INFO  org.jgap.gp.impl.GPGenotype  - Evolving generation 525, memory free: 14.3 MB
[01.07.2016 03:22:53,098] [main] INFO  org.jgap.gp.impl.GPGenotype  - Evolving generation 550, memory free: 28.9 MB
[01.07.2016 03:22:55,763] [main] INFO  org.jgap.gp.impl.GPGenotype  - Evolving generation 575, memory free: 22.3 MB
[01.07.2016 03:22:58,256] [main] INFO  org.jgap.gp.impl.GPGenotype  - Evolving generation 600, memory free: 28.9 MB
[01.07.2016 03:23:00,865] [main] INFO  org.jgap.gp.impl.GPGenotype  - Evolving generation 625, memory free: 3.5 MB
[01.07.2016 03:23:03,463] [main] INFO  org.jgap.gp.impl.GPGenotype  - Evolving generation 650, memory free: 41.9 MB
[01.07.2016 03:23:06,199] [main] INFO  org.jgap.gp.impl.GPGenotype  - Evolving generation 675, memory free: 12.6 MB
[01.07.2016 03:23:08,900] [main] INFO  org.jgap.gp.impl.GPGenotype  - Evolving generation 700, memory free: 18.5 MB
[01.07.2016 03:23:11,512] [main] INFO  org.jgap.gp.impl.GPGenotype  - Evolving generation 725, memory free: 8.3 MB
[01.07.2016 03:23:14,480] [main] INFO  org.jgap.gp.impl.GPGenotype  - Evolving generation 750, memory free: 19.9 MB
[01.07.2016 03:23:17,722] [main] INFO  org.jgap.gp.impl.GPGenotype  - Evolving generation 775, memory free: 44.0 MB
[01.07.2016 03:23:20,226] [main] INFO  org.jgap.gp.impl.GPGenotype  - Best solution fitness: 46.37
[01.07.2016 03:23:20,226] [main] INFO  org.jgap.gp.impl.GPGenotype  - Best solution: ADF1((X ^ 4.0),X,((Exp(X)) - (sine (X * ((Exp(X)) - X))))) ==> Arg(1) + Arg(2) + Arg(0)
[01.07.2016 03:23:20,227] [main] INFO  org.jgap.gp.impl.GPGenotype  - Depths of chroms: 6 / 1
[01.07.2016 10:45:16,283] [main] INFO  org.jgap.gp.impl.GPGenotype  - Creating initial population
[01.07.2016 10:45:16,312] [main] INFO  org.jgap.gp.impl.GPGenotype  - Mem free: 61.5 MB
[01.07.2016 10:45:16,326] [main] INFO  org.jgap.gp.impl.GPPopulation  - Prototype program set
[01.07.2016 10:45:16,578] [main] INFO  org.jgap.gp.impl.GPGenotype  - Mem free after creating population: 61.5 MB
[01.07.2016 10:45:16,582] [main] INFO  org.jgap.gp.impl.GPGenotype  - Your configuration does not contain unused commands, this is good
[01.07.2016 10:45:16,584] [main] INFO  org.jgap.gp.impl.GPGenotype  - Evolving generation 0, memory free: 58.7 MB
[01.07.2016 10:45:17,511] [main] INFO  org.jgap.gp.impl.GPGenotype  - Best solution fitness: 524.93
[01.07.2016 10:45:17,517] [main] INFO  org.jgap.gp.impl.GPGenotype  - Best solution: (Exp(X)) * 5.0 ==> Arg(1) + Arg(2) + (Arg(0) + Arg(0) + Arg(1))
[01.07.2016 10:45:17,517] [main] INFO  org.jgap.gp.impl.GPGenotype  - Depths of chroms: 2 / 2
[01.07.2016 10:45:20,082] [main] INFO  org.jgap.gp.impl.GPGenotype  - Best solution fitness: 496.03
[01.07.2016 10:45:20,083] [main] INFO  org.jgap.gp.impl.GPGenotype  - Best solution: ADF1((Exp(X)),(sine X),(X ^ 3.0)) ==> (Arg(0) + Arg(1) + Arg(2)) + (Arg(0) + Arg(2) + Arg(1)) + (Arg(2) + Arg(1) + Arg(2))
[01.07.2016 10:45:20,083] [main] INFO  org.jgap.gp.impl.GPGenotype  - Depths of chroms: 2 / 2
[01.07.2016 10:45:20,379] [main] INFO  org.jgap.gp.impl.GPGenotype  - Best solution fitness: 233.70
[01.07.2016 10:45:20,379] [main] INFO  org.jgap.gp.impl.GPGenotype  - Best solution: ADF1((X ^ 4.0),(Exp(X)),(7.0 - 7.0)) ==> Arg(0) + Arg(2) + Arg(1)
[01.07.2016 10:45:20,379] [main] INFO  org.jgap.gp.impl.GPGenotype  - Depths of chroms: 2 / 1
[01.07.2016 10:45:20,636] [main] INFO  org.jgap.gp.impl.GPGenotype  - Best solution fitness: 233.11
[01.07.2016 10:45:20,638] [main] INFO  org.jgap.gp.impl.GPGenotype  - Best solution: ADF1((Exp(X)),(sine X),(X ^ 4.0)) ==> Arg(0) + Arg(2) + Arg(1)
[01.07.2016 10:45:20,638] [main] INFO  org.jgap.gp.impl.GPGenotype  - Depths of chroms: 2 / 1
[01.07.2016 10:45:21,381] [main] INFO  org.jgap.gp.impl.GPGenotype  - Best solution fitness: 229.79
[01.07.2016 10:45:21,382] [main] INFO  org.jgap.gp.impl.GPGenotype  - Best solution: ADF1((Exp(X)),X,(X ^ 4.0)) ==> Arg(0) + Arg(2) + Arg(1)
[01.07.2016 10:45:21,382] [main] INFO  org.jgap.gp.impl.GPGenotype  - Depths of chroms: 2 / 1
[01.07.2016 10:45:21,602] [main] INFO  org.jgap.gp.impl.GPGenotype  - Best solution fitness: 143.62
[01.07.2016 10:45:21,602] [main] INFO  org.jgap.gp.impl.GPGenotype  - Best solution: ADF1((X ^ 3.0),(sine X),(X ^ 4.0)) ==> Arg(0) + Arg(2) + Arg(1)
[01.07.2016 10:45:21,602] [main] INFO  org.jgap.gp.impl.GPGenotype  - Depths of chroms: 2 / 1
[01.07.2016 10:45:23,896] [main] INFO  org.jgap.gp.impl.GPGenotype  - Evolving generation 25, memory free: 70.8 MB
[01.07.2016 10:45:25,918] [main] INFO  org.jgap.gp.impl.GPGenotype  - Best solution fitness: 129.71
[01.07.2016 10:45:25,919] [main] INFO  org.jgap.gp.impl.GPGenotype  - Best solution: ADF1((X ^ 3.0),(X / 4.0),(X ^ 4.0)) ==> Arg(0) + Arg(2) + Arg(1)
[01.07.2016 10:45:25,919] [main] INFO  org.jgap.gp.impl.GPGenotype  - Depths of chroms: 2 / 1
[01.07.2016 10:45:27,332] [main] INFO  org.jgap.gp.impl.GPGenotype  - Evolving generation 50, memory free: 93.2 MB
[01.07.2016 10:45:29,095] [main] INFO  org.jgap.gp.impl.GPGenotype  - Best solution fitness: 129.71
[01.07.2016 10:45:29,095] [main] INFO  org.jgap.gp.impl.GPGenotype  - Best solution: ADF1((X ^ 3.0),(X / 4.0),(X ^ 4.0)) ==> Arg(1) + Arg(0) + Arg(2)
[01.07.2016 10:45:29,096] [main] INFO  org.jgap.gp.impl.GPGenotype  - Depths of chroms: 2 / 1
[01.07.2016 10:45:31,430] [main] INFO  org.jgap.gp.impl.GPGenotype  - Evolving generation 75, memory free: 59.8 MB
[01.07.2016 10:45:35,077] [main] INFO  org.jgap.gp.impl.GPGenotype  - Best solution fitness: 127.11
[01.07.2016 10:45:35,078] [main] INFO  org.jgap.gp.impl.GPGenotype  - Best solution: ADF1((X ^ 3.0),(2.0 / 2.0),(X ^ 4.0)) ==> Arg(1) + Arg(0) + Arg(2)
[01.07.2016 10:45:35,078] [main] INFO  org.jgap.gp.impl.GPGenotype  - Depths of chroms: 2 / 1
[01.07.2016 10:45:39,190] [main] INFO  org.jgap.gp.impl.GPGenotype  - Evolving generation 100, memory free: 35.7 MB
[01.07.2016 10:45:48,892] [main] INFO  org.jgap.gp.impl.GPGenotype  - Evolving generation 125, memory free: 35.5 MB
[01.07.2016 10:45:52,000] [main] INFO  org.jgap.gp.impl.GPGenotype  - Best solution fitness: 52.21
[01.07.2016 10:45:52,000] [main] INFO  org.jgap.gp.impl.GPGenotype  - Best solution: (X * X * X) - (((sine (Exp(X))) - (X ^ 2.0)) - (X ^ 4.0)) ==> Arg(2) + Arg(0) + Arg(0)
[01.07.2016 10:45:52,001] [main] INFO  org.jgap.gp.impl.GPGenotype  - Depths of chroms: 5 / 1
[01.07.2016 10:45:52,901] [main] INFO  org.jgap.gp.impl.GPGenotype  - Best solution fitness: 43.03
[01.07.2016 10:45:52,902] [main] INFO  org.jgap.gp.impl.GPGenotype  - Best solution: (X * X * X) - (((sine (sine 7.0)) - (X ^ 2.0)) - (X ^ 4.0)) ==> Arg(0)
[01.07.2016 10:45:52,902] [main] INFO  org.jgap.gp.impl.GPGenotype  - Depths of chroms: 5 / 0
[01.07.2016 10:45:53,034] [main] INFO  org.jgap.gp.impl.GPGenotype  - Best solution fitness: 0.0
[01.07.2016 10:45:53,034] [main] INFO  org.jgap.gp.impl.GPGenotype  - Best solution: (X * X * X) - ((X - (X ^ 2.0)) - (X ^ 4.0)) ==> Arg(2) + Arg(0) + Arg(0)
[01.07.2016 10:45:53,034] [main] INFO  org.jgap.gp.impl.GPGenotype  - Depths of chroms: 4 / 1
[01.07.2016 10:45:53,727] [main] INFO  org.jgap.gp.impl.GPGenotype  - Evolving generation 150, memory free: 14.9 MB
[01.07.2016 10:45:58,086] [main] INFO  org.jgap.gp.impl.GPGenotype  - Evolving generation 175, memory free: 24.8 MB
[01.07.2016 10:46:02,732] [main] INFO  org.jgap.gp.impl.GPGenotype  - Evolving generation 200, memory free: 26.4 MB
[01.07.2016 10:46:09,504] [main] INFO  org.jgap.gp.impl.GPGenotype  - Evolving generation 225, memory free: 56.1 MB
[01.07.2016 10:46:13,659] [main] INFO  org.jgap.gp.impl.GPGenotype  - Evolving generation 250, memory free: 57.7 MB
[01.07.2016 10:46:17,828] [main] INFO  org.jgap.gp.impl.GPGenotype  - Evolving generation 275, memory free: 41.2 MB
[01.07.2016 10:46:20,804] [main] INFO  org.jgap.gp.impl.GPGenotype  - Evolving generation 300, memory free: 27.3 MB
[01.07.2016 10:46:23,988] [main] INFO  org.jgap.gp.impl.GPGenotype  - Evolving generation 325, memory free: 30.7 MB
[01.07.2016 10:46:27,575] [main] INFO  org.jgap.gp.impl.GPGenotype  - Evolving generation 350, memory free: 28.9 MB
[01.07.2016 10:46:33,962] [main] INFO  org.jgap.gp.impl.GPGenotype  - Evolving generation 375, memory free: 46.4 MB
[01.07.2016 10:46:38,037] [main] INFO  org.jgap.gp.impl.GPGenotype  - Evolving generation 400, memory free: 4.6 MB
[01.07.2016 10:46:42,324] [main] INFO  org.jgap.gp.impl.GPGenotype  - Evolving generation 425, memory free: 21.4 MB
[01.07.2016 10:46:46,538] [main] INFO  org.jgap.gp.impl.GPGenotype  - Evolving generation 450, memory free: 25.0 MB
[01.07.2016 10:46:50,303] [main] INFO  org.jgap.gp.impl.GPGenotype  - Evolving generation 475, memory free: 22.6 MB
[01.07.2016 10:46:54,423] [main] INFO  org.jgap.gp.impl.GPGenotype  - Evolving generation 500, memory free: 11.7 MB
[01.07.2016 10:46:58,284] [main] INFO  org.jgap.gp.impl.GPGenotype  - Evolving generation 525, memory free: 26.6 MB
[01.07.2016 10:47:02,987] [main] INFO  org.jgap.gp.impl.GPGenotype  - Evolving generation 550, memory free: 50.9 MB
[01.07.2016 10:47:08,353] [main] INFO  org.jgap.gp.impl.GPGenotype  - Evolving generation 575, memory free: 39.5 MB
[01.07.2016 10:47:12,805] [main] INFO  org.jgap.gp.impl.GPGenotype  - Evolving generation 600, memory free: 58.6 MB
[01.07.2016 10:47:17,351] [main] INFO  org.jgap.gp.impl.GPGenotype  - Evolving generation 625, memory free: 22.4 MB
[01.07.2016 10:47:22,261] [main] INFO  org.jgap.gp.impl.GPGenotype  - Evolving generation 650, memory free: 53.5 MB
[01.07.2016 10:47:27,283] [main] INFO  org.jgap.gp.impl.GPGenotype  - Evolving generation 675, memory free: 54.4 MB
[01.07.2016 10:47:31,661] [main] INFO  org.jgap.gp.impl.GPGenotype  - Evolving generation 700, memory free: 41.8 MB
[01.07.2016 10:47:35,891] [main] INFO  org.jgap.gp.impl.GPGenotype  - Evolving generation 725, memory free: 15.0 MB
[01.07.2016 10:47:40,113] [main] INFO  org.jgap.gp.impl.GPGenotype  - Evolving generation 750, memory free: 18.7 MB
[01.07.2016 10:47:44,516] [main] INFO  org.jgap.gp.impl.GPGenotype  - Evolving generation 775, memory free: 18.3 MB
[01.07.2016 10:47:48,696] [main] INFO  org.jgap.gp.impl.GPGenotype  - Best solution fitness: 0.0
[01.07.2016 10:47:48,697] [main] INFO  org.jgap.gp.impl.GPGenotype  - Best solution: (X * X * X) - ((X - (X ^ 2.0)) - (X ^ 4.0)) ==> Arg(2) + Arg(0) + Arg(0)
[01.07.2016 10:47:48,697] [main] INFO  org.jgap.gp.impl.GPGenotype  - Depths of chroms: 4 / 1
