[01.07.2016 19:42:32,409] [main] INFO  org.jgap.gp.impl.GPGenotype  - Mem free: 61.5 MB
[01.07.2016 19:42:32,666] [main] INFO  org.jgap.gp.impl.GPPopulation  - Prototype program set
[01.07.2016 19:42:32,857] [main] INFO  org.jgap.gp.impl.GPGenotype  - Mem free after creating population somtheing:  61.5 MB
[01.07.2016 19:42:32,864] [main] INFO  org.jgap.gp.impl.GPGenotype  - Your configuration does not contain unused commands, this is good
[01.07.2016 19:42:32,883] [main] INFO  org.jgap.gp.impl.GPGenotype  - Evolving generation 0, memory free: 52.5 MB
[01.07.2016 19:42:34,608] [main] INFO  org.jgap.gp.impl.GPGenotype  - Best solution fitness: 0.18
[01.07.2016 19:42:34,694] [main] INFO  org.jgap.gp.impl.GPGenotype  - Best solution: ADF1(X,(4.0 - X),(5.0 * X * X)) ==> Arg(0)
[02.07.2016 13:33:48,746] [main] INFO  org.jgap.gp.impl.GPGenotype  - Creating initial population
[02.07.2016 13:33:48,857] [main] INFO  org.jgap.gp.impl.GPGenotype  - Mem free: 61.5 MB
[02.07.2016 13:33:48,967] [main] INFO  org.jgap.gp.impl.GPPopulation  - Prototype program set
[02.07.2016 13:33:49,074] [main] INFO  org.jgap.gp.impl.GPGenotype  - Mem free after creating population somtheing:  61.5 MB
[02.07.2016 13:33:49,140] [main] INFO  org.jgap.gp.impl.GPGenotype  - Your configuration does not contain unused commands, this is good
[02.07.2016 13:33:49,175] [main] INFO  org.jgap.gp.impl.GPGenotype  - Evolving generation 0, memory free: 52.2 MB
[02.07.2016 13:33:50,735] [main] INFO  org.jgap.gp.impl.GPGenotype  - Best solution fitness: 0.26
[02.07.2016 13:33:50,737] [main] INFO  org.jgap.gp.impl.GPGenotype  - Best solution: X ==> Arg(2) + Arg(1) + Arg(1)
[02.07.2016 13:34:06,874] [main] INFO  org.jgap.gp.impl.GPGenotype  - Creating initial population
[02.07.2016 13:34:06,881] [main] INFO  org.jgap.gp.impl.GPGenotype  - Mem free: 61.5 MB
[02.07.2016 13:34:06,901] [main] INFO  org.jgap.gp.impl.GPPopulation  - Prototype program set
[02.07.2016 13:34:07,043] [main] INFO  org.jgap.gp.impl.GPGenotype  - Mem free after creating population somtheing:  61.5 MB
[02.07.2016 13:34:07,049] [main] INFO  org.jgap.gp.impl.GPGenotype  - Your configuration does not contain unused commands, this is good
[02.07.2016 13:34:07,052] [main] INFO  org.jgap.gp.impl.GPGenotype  - Evolving generation 0, memory free: 52.5 MB
[02.07.2016 13:34:09,567] [main] INFO  org.jgap.gp.impl.GPGenotype  - Best solution fitness: 0.27
[02.07.2016 13:34:09,567] [main] INFO  org.jgap.gp.impl.GPGenotype  - Best solution: X ==> Arg(1)
[02.07.2016 13:34:10,164] [main] INFO  org.jgap.gp.impl.GPGenotype  - Best solution fitness: 0.27
[02.07.2016 13:34:10,165] [main] INFO  org.jgap.gp.impl.GPGenotype  - Best solution: (5.0 * (X / 5.0)) / (9.0 / (ADF1(9.0,9.0,7.0))) ==> Arg(0)
[02.07.2016 13:34:17,800] [main] INFO  org.jgap.gp.impl.GPGenotype  - Best solution fitness: 0.26
[02.07.2016 13:34:17,801] [main] INFO  org.jgap.gp.impl.GPGenotype  - Best solution: X - ((6.0 / X) / 6.0) ==> Arg(0)
[02.07.2016 13:34:20,463] [main] INFO  org.jgap.gp.impl.GPGenotype  - Best solution fitness: 0.26
[02.07.2016 13:34:20,464] [main] INFO  org.jgap.gp.impl.GPGenotype  - Best solution: X - ((5.0 / X) / 6.0) ==> Arg(0)
[02.07.2016 13:34:22,778] [main] INFO  org.jgap.gp.impl.GPGenotype  - Evolving generation 25, memory free: 33.9 MB
[02.07.2016 13:34:24,272] [main] INFO  org.jgap.gp.impl.GPGenotype  - Best solution fitness: 0.26
[02.07.2016 13:34:24,275] [main] INFO  org.jgap.gp.impl.GPGenotype  - Best solution: X - (((5.0 / X) / ((ADF1(9.0,9.0,7.0)) / 5.0)) / 5.0) ==> Arg(0)
[02.07.2016 13:34:24,799] [main] INFO  org.jgap.gp.impl.GPGenotype  - Best solution fitness: 0.26
[02.07.2016 13:34:24,799] [main] INFO  org.jgap.gp.impl.GPGenotype  - Best solution: X - (((5.0 / ((X / X) * (X / 3.0))) / 5.0) / 5.0) ==> Arg(0) + Arg(2) + Arg(0)
[02.07.2016 13:34:25,731] [main] INFO  org.jgap.gp.impl.GPGenotype  - Best solution fitness: 0.26
[02.07.2016 13:34:25,731] [main] INFO  org.jgap.gp.impl.GPGenotype  - Best solution: X - (((5.0 / (X - (((X / 3.0) / 3.0) / 3.0))) / 3.0) / 3.0) ==> Arg(2)
[02.07.2016 13:34:27,015] [main] INFO  org.jgap.gp.impl.GPGenotype  - Best solution fitness: 0.26
[02.07.2016 13:34:27,031] [main] INFO  org.jgap.gp.impl.GPGenotype  - Best solution: X - ((5.0 / ((X / X) * (X - ((X / 5.0) / 4.0)))) / 9.0) ==> Arg(0)
[02.07.2016 13:34:27,856] [main] INFO  org.jgap.gp.impl.GPGenotype  - Best solution fitness: 0.26
[02.07.2016 13:34:27,857] [main] INFO  org.jgap.gp.impl.GPGenotype  - Best solution: X - ((4.0 / (((X - (((4.0 / X) / 4.0) / (((4.0 / X) / ((ADF1(9.0,9.0,7.0)) / 5.0)) / 4.0))) / X) * (6.0 * 6.0 * X))) / 9.0) ==> Arg(1) + (Arg(0) + Arg(2) + Arg(0)) + Arg(1)
[02.07.2016 13:34:30,782] [main] INFO  org.jgap.gp.impl.GPGenotype  - Best solution fitness: 0.26
[02.07.2016 13:34:30,784] [main] INFO  org.jgap.gp.impl.GPGenotype  - Best solution: X - ((4.0 / ((X - 4.0) * (6.0 * ((Exp((X - X))) * X) * (X / 3.0)))) / 2.0) ==> Arg(0)
[02.07.2016 13:34:32,061] [main] INFO  org.jgap.gp.impl.GPGenotype  - Best solution fitness: 0.26
[02.07.2016 13:34:32,061] [main] INFO  org.jgap.gp.impl.GPGenotype  - Best solution: X - ((4.0 / ((X - 4.0) * (6.0 * ((Exp((((((2.0 / X) / X) / ((3.0 / 3.0) / 3.0)) / 3.0) / 3.0))) * X) * (X / 3.0)))) / 2.0) ==> Arg(0)
[02.07.2016 13:34:33,183] [main] INFO  org.jgap.gp.impl.GPGenotype  - Best solution fitness: 0.26
[02.07.2016 13:34:33,183] [main] INFO  org.jgap.gp.impl.GPGenotype  - Best solution: X - ((4.0 / ((X - 4.0) * (6.0 * ((Exp((X - X))) * X) * (X / (4.0 / X))))) / 2.0) ==> (Arg(2) + Arg(2) + ((Arg(0) + Arg(1) + Arg(1)) + Arg(2) + Arg(0))) + (Arg(0) + Arg(2) + Arg(1)) + Arg(2)
[02.07.2016 13:34:33,745] [main] INFO  org.jgap.gp.impl.GPGenotype  - Best solution fitness: 0.26
[02.07.2016 13:34:33,746] [main] INFO  org.jgap.gp.impl.GPGenotype  - Best solution: (X - ((4.0 / (((4.0 / (((ADF1(3.0,3.0,(3.0 / X))) / 5.0) / 4.0)) / 6.0) * (6.0 * (X - 4.0) * (X / 3.0)))) / 6.0)) - ((((4.0 / X) / 6.0) / 6.0) / 6.0) ==> Arg(0)
[02.07.2016 13:34:34,395] [main] INFO  org.jgap.gp.impl.GPGenotype  - Best solution fitness: 0.25
[02.07.2016 13:34:34,396] [main] INFO  org.jgap.gp.impl.GPGenotype  - Best solution: X - ((4.0 / ((X - 4.0) * (6.0 * ((Exp(((7.0 / X) / 6.0))) * X) * (X / 3.0)))) / 2.0) ==> Arg(0)
[02.07.2016 13:34:35,195] [main] INFO  org.jgap.gp.impl.GPGenotype  - Best solution fitness: 0.25
[02.07.2016 13:34:35,195] [main] INFO  org.jgap.gp.impl.GPGenotype  - Best solution: X - ((4.0 / ((X - 4.0) * (6.0 * ((Exp(((7.0 / X) / 5.0))) * X) * (X / 3.0)))) / 2.0) ==> (Arg(2) + Arg(2) + ((Arg(0) + Arg(1) + Arg(0)) + Arg(2) + Arg(0))) + (Arg(0) + Arg(1) + Arg(0)) + Arg(2)
[02.07.2016 13:34:35,939] [main] INFO  org.jgap.gp.impl.GPGenotype  - Best solution fitness: 0.25
[02.07.2016 13:34:35,940] [main] INFO  org.jgap.gp.impl.GPGenotype  - Best solution: X - ((4.0 / ((X - 4.0) * (6.0 * ((Exp(((7.0 / X) / 4.0))) * X) * (X / 3.0)))) / 2.0) ==> Arg(0)
[02.07.2016 13:34:36,548] [main] INFO  org.jgap.gp.impl.GPGenotype  - Best solution fitness: 0.25
[02.07.2016 13:34:36,549] [main] INFO  org.jgap.gp.impl.GPGenotype  - Best solution: (X - ((4.0 / (((4.0 / ((X / 3.0) / 4.0)) / 6.0) * (6.0 * (X - 4.0) * (X / 3.0)))) / 6.0)) - ((((4.0 / X) / 6.0) / 6.0) / 6.0) ==> Arg(1) + ((Arg(0) + Arg(1) + Arg(0)) + Arg(2) + Arg(2)) + (Arg(0) + Arg(2) + Arg(0))
[02.07.2016 13:34:36,549] [main] INFO  org.jgap.gp.impl.GPGenotype  - Evolving generation 50, memory free: 12.9 MB
[02.07.2016 13:34:37,589] [main] INFO  org.jgap.gp.impl.GPGenotype  - Best solution fitness: 0.25
[02.07.2016 13:34:37,590] [main] INFO  org.jgap.gp.impl.GPGenotype  - Best solution: (X - ((4.0 / (((4.0 / ((X / 4.0) / 4.0)) / 6.0) * (6.0 * (X - 4.0) * (X / 3.0)))) / 6.0)) - (((4.0 / 6.0) / 6.0) / 6.0) ==> Arg(1) + ((Arg(0) + Arg(1) + Arg(0)) + Arg(2) + Arg(2)) + (Arg(0) + Arg(2) + Arg(0))
[02.07.2016 13:34:38,173] [main] INFO  org.jgap.gp.impl.GPGenotype  - Best solution fitness: 0.25
[02.07.2016 13:34:38,174] [main] INFO  org.jgap.gp.impl.GPGenotype  - Best solution: (X - ((4.0 / (((4.0 / ((X / 4.0) / 4.0)) / 6.0) * (6.0 * (X - 4.0) * (5.0 / 4.0)))) / 6.0)) - (((4.0 / 6.0) / 6.0) / 6.0) ==> Arg(1) + ((Arg(0) + Arg(1) + Arg(0)) + Arg(2) + Arg(2)) + (Arg(0) + Arg(2) + Arg(0))
[02.07.2016 13:34:38,692] [main] INFO  org.jgap.gp.impl.GPGenotype  - Best solution fitness: 0.25
[02.07.2016 13:34:38,692] [main] INFO  org.jgap.gp.impl.GPGenotype  - Best solution: (X - ((4.0 / (((4.0 / ((X / 4.0) / 4.0)) / 6.0) * (6.0 * (X - 4.0) * (5.0 / 4.0)))) / 6.0)) - (((4.0 / 5.0) / 6.0) / 6.0) ==> Arg(0)
[02.07.2016 13:34:41,003] [main] INFO  org.jgap.gp.impl.GPGenotype  - Best solution fitness: 0.25
[02.07.2016 13:34:41,004] [main] INFO  org.jgap.gp.impl.GPGenotype  - Best solution: X - ((4.0 / ((X - 4.0) * (6.0 * ((Exp(((7.0 / X) / 4.0))) * X) * (4.0 / X)))) / 3.0) ==> Arg(0)
[02.07.2016 13:34:43,378] [main] INFO  org.jgap.gp.impl.GPGenotype  - Best solution fitness: 0.25
[02.07.2016 13:34:43,378] [main] INFO  org.jgap.gp.impl.GPGenotype  - Best solution: (X - ((4.0 / ((5.0 / 6.0) * (6.0 * (X - 4.0) * X))) / 6.0)) - (((4.0 / X) / 5.0) / 6.0) ==> ((Arg(1) + Arg(1) + Arg(0)) + (Arg(1) + Arg(0) + Arg(2)) + (Arg(0) + Arg(2) + Arg(2))) + ((Arg(2) + Arg(1) + Arg(0)) + (Arg(2) + Arg(2) + Arg(1)) + (Arg(0) + Arg(0) + Arg(1))) + ((Arg(1) + Arg(1) + Arg(2)) + (Arg(1) + Arg(2) + Arg(1)) + (Arg(0) + Arg(2) + Arg(2)))
[02.07.2016 13:34:44,757] [main] INFO  org.jgap.gp.impl.GPGenotype  - Best solution fitness: 0.25
[02.07.2016 13:34:44,758] [main] INFO  org.jgap.gp.impl.GPGenotype  - Best solution: (X - ((4.0 / ((5.0 / 6.0) * (6.0 * (X - 4.0) * X))) / 6.0)) - (((7.0 / X) / ((Exp(((7.0 / X) / 6.0))) * X)) / 5.0) ==> Arg(0)
[02.07.2016 13:34:45,452] [main] INFO  org.jgap.gp.impl.GPGenotype  - Evolving generation 75, memory free: 13.7 MB
[02.07.2016 13:34:46,077] [main] INFO  org.jgap.gp.impl.GPGenotype  - Best solution fitness: 0.25
[02.07.2016 13:34:46,077] [main] INFO  org.jgap.gp.impl.GPGenotype  - Best solution: (X - ((4.0 / ((5.0 / 6.0) * (6.0 * (X - 4.0) * X))) / 6.0)) - (((7.0 / X) / 5.0) / 6.0) ==> Arg(0) + Arg(1) + Arg(1)
[02.07.2016 13:34:47,640] [main] INFO  org.jgap.gp.impl.GPGenotype  - Best solution fitness: 0.25
[02.07.2016 13:34:47,641] [main] INFO  org.jgap.gp.impl.GPGenotype  - Best solution: (X - ((4.0 / ((5.0 - X) * (6.0 * (X - 4.0) * (X - (((Exp(((((3.0 / X) / 6.0) / 3.0) / 3.0))) / 3.0) / 3.0))))) / 5.0)) - ((((Exp(((Exp(((2.0 / X) / 3.0))) / 3.0))) / 6.0) / 5.0) / 6.0) ==> Arg(2)
[02.07.2016 13:34:48,219] [main] INFO  org.jgap.gp.impl.GPGenotype  - Best solution fitness: 0.25
[02.07.2016 13:34:48,219] [main] INFO  org.jgap.gp.impl.GPGenotype  - Best solution: (X - ((4.0 / ((5.0 - X) * (6.0 * (X - 4.0) * (X - (((Exp(((((X / 5.0) / 6.0) / 3.0) / 3.0))) / 3.0) / 3.0))))) / 5.0)) - ((((Exp(((Exp(((2.0 / X) / 3.0))) / 3.0))) / 6.0) / 5.0) / 6.0) ==> Arg(2)
[02.07.2016 13:34:48,864] [main] INFO  org.jgap.gp.impl.GPGenotype  - Best solution fitness: 0.25
[02.07.2016 13:34:48,864] [main] INFO  org.jgap.gp.impl.GPGenotype  - Best solution: (X - ((4.0 / ((5.0 - X) * (6.0 * (X - 4.0) * (X - ((((3.0 / X) / 5.0) / 5.0) / 5.0))))) / 5.0)) - ((((Exp((3.0 / 5.0))) / 6.0) / (X - (((((3.0 / X) / X) / 5.0) / 5.0) / 5.0))) / 6.0) ==> Arg(1)
[02.07.2016 13:34:49,117] [main] INFO  org.jgap.gp.impl.GPGenotype  - Best solution fitness: 0.25
[02.07.2016 13:34:49,118] [main] INFO  org.jgap.gp.impl.GPGenotype  - Best solution: (X - ((4.0 / ((5.0 - X) * (6.0 * (X - 4.0) * (X - ((((Exp(((2.0 / X) / 5.0))) / 6.0) / 5.0) / 5.0))))) / 5.0)) - (((3.0 / X) / 5.0) / 6.0) ==> Arg(0) + Arg(2) + Arg(0)
[02.07.2016 13:34:49,389] [main] INFO  org.jgap.gp.impl.GPGenotype  - Best solution fitness: 0.25
[02.07.2016 13:34:49,389] [main] INFO  org.jgap.gp.impl.GPGenotype  - Best solution: (X - ((4.0 / ((5.0 - X) * (6.0 * (X - 4.0) * (X - (((((3.0 / X) / X) / 4.0) / 4.0) / 4.0))))) / 5.0)) - (((2.0 / X) / 4.0) / 6.0) ==> Arg(0)
[02.07.2016 13:34:50,721] [main] INFO  org.jgap.gp.impl.GPGenotype  - Best solution fitness: 0.25
[02.07.2016 13:34:50,721] [main] INFO  org.jgap.gp.impl.GPGenotype  - Best solution: (X - ((4.0 / ((5.0 - X) * (6.0 * (X - 4.0) * (X - ((((4.0 / X) / 4.0) / 4.0) / 4.0))))) / 5.0)) - (((2.0 / X) / 4.0) / 6.0) ==> Arg(0) + ((Arg(2) + Arg(0) + Arg(2)) + Arg(2) + Arg(2)) + Arg(2)
[02.07.2016 13:34:50,981] [main] INFO  org.jgap.gp.impl.GPGenotype  - Best solution fitness: 0.25
[02.07.2016 13:34:50,981] [main] INFO  org.jgap.gp.impl.GPGenotype  - Best solution: (X - ((4.0 / ((5.0 - X) * (6.0 * (X - 4.0) * (X - ((((X - ((3.0 / ((5.0 / 6.0) * (4.0 * (X - 4.0) * X))) / 5.0)) / 3.0) / 4.0) / 4.0))))) / 5.0)) - (((2.0 / X) / 4.0) / 6.0) ==> Arg(0) + Arg(1) + Arg(0)
[02.07.2016 13:34:51,300] [main] INFO  org.jgap.gp.impl.GPGenotype  - Best solution fitness: 0.25
[02.07.2016 13:34:51,300] [main] INFO  org.jgap.gp.impl.GPGenotype  - Best solution: (X - ((4.0 / ((5.0 - X) * (6.0 * (X - 4.0) * (X - (((((4.0 / ((4.0 / 6.0) * (4.0 * (X - 4.0) * X))) / X) / 4.0) / 4.0) / 4.0))))) / 5.0)) - (((2.0 / X) / 4.0) / 6.0) ==> Arg(0) + ((Arg(1) + (Arg(2) + Arg(1) + Arg(0)) + Arg(1)) + Arg(2) + Arg(2)) + Arg(2)
[02.07.2016 13:34:51,611] [main] INFO  org.jgap.gp.impl.GPGenotype  - Best solution fitness: 0.25
[02.07.2016 13:34:51,611] [main] INFO  org.jgap.gp.impl.GPGenotype  - Best solution: (X - ((4.0 / ((5.0 - X) * (6.0 * (X - 4.0) * (X - (((((4.0 / ((4.0 / 6.0) * (3.0 * (X - 4.0) * X))) / X) / 4.0) / 4.0) / 4.0))))) / 5.0)) - (((2.0 / X) / 4.0) / 6.0) ==> Arg(0) + Arg(1) + Arg(2)
[02.07.2016 13:34:52,672] [main] INFO  org.jgap.gp.impl.GPGenotype  - Evolving generation 100, memory free: 25.7 MB
[02.07.2016 13:34:52,951] [main] INFO  org.jgap.gp.impl.GPGenotype  - Best solution fitness: 0.24
[02.07.2016 13:34:52,952] [main] INFO  org.jgap.gp.impl.GPGenotype  - Best solution: (X - ((4.0 / ((5.0 - X) * (6.0 * (X - 4.0) * (X - ((((X * (3.0 * (X - 4.0) * X)) / 3.0) / 4.0) / 4.0))))) / 5.0)) - (((2.0 / X) / 4.0) / 6.0) ==> Arg(2)
[02.07.2016 13:34:58,493] [main] INFO  org.jgap.gp.impl.GPGenotype  - Best solution fitness: 0.24
[02.07.2016 13:34:58,495] [main] INFO  org.jgap.gp.impl.GPGenotype  - Best solution: (X - ((4.0 / ((5.0 - X) * (6.0 * (X - 4.0) * (X - ((((X * (3.0 * (X - 4.0) * X)) / 3.0) / 4.0) / 4.0))))) / 5.0)) - ((((3.0 / X) / X) / 2.0) / 6.0) ==> Arg(2) + Arg(2) + Arg(1)
[02.07.2016 13:34:58,831] [main] INFO  org.jgap.gp.impl.GPGenotype  - Best solution fitness: 0.24
[02.07.2016 13:34:58,831] [main] INFO  org.jgap.gp.impl.GPGenotype  - Best solution: (X - ((4.0 / ((sine (ADF1(X,8.0,8.0))) * (6.0 * (X - 4.0) * (X - ((((X * (3.0 * (X - 4.0) * X)) / 3.0) / 4.0) / 4.0))))) / 5.0)) - (((2.0 / X) / 4.0) / 6.0) ==> (Arg(2) + Arg(1) + Arg(0)) + ((Arg(1) + Arg(2) + Arg(0)) + (((Arg(0) + Arg(2) + Arg(2)) + Arg(2) + (Arg(2) + Arg(2) + Arg(0))) + ((Arg(2) + Arg(2) + Arg(1)) + (Arg(2) + Arg(1) + Arg(2)) + (Arg(1) + Arg(1) + Arg(0))) + (Arg(0) + (Arg(1) + Arg(0) + Arg(2)) + Arg(1))) + (Arg(1) + Arg(0) + Arg(1))) + (Arg(0) + Arg(2) + Arg(2))
[02.07.2016 13:35:00,907] [main] INFO  org.jgap.gp.impl.GPGenotype  - Evolving generation 125, memory free: 35.1 MB
[02.07.2016 13:35:03,756] [main] INFO  org.jgap.gp.impl.GPGenotype  - Best solution fitness: 0.24
[02.07.2016 13:35:03,756] [main] INFO  org.jgap.gp.impl.GPGenotype  - Best solution: (X - ((4.0 / ((sine (ADF1(X,8.0,8.0))) * (6.0 * (X - 4.0) * (X - ((((X * (3.0 * (X - 4.0) * X)) / 3.0) / 4.0) / 4.0))))) / 5.0)) - (((3.0 / X) / 4.0) / 6.0) ==> (Arg(2) + Arg(1) + Arg(0)) + ((Arg(1) + Arg(2) + Arg(0)) + (((Arg(0) + Arg(2) + Arg(2)) + Arg(2) + (Arg(2) + Arg(2) + Arg(0))) + ((Arg(2) + Arg(2) + Arg(1)) + (Arg(2) + Arg(1) + Arg(2)) + (Arg(1) + Arg(1) + Arg(0))) + (Arg(0) + (Arg(1) + Arg(0) + Arg(2)) + Arg(1))) + (Arg(1) + Arg(0) + Arg(1))) + (Arg(0) + Arg(2) + Arg(2))
[02.07.2016 13:35:04,420] [main] INFO  org.jgap.gp.impl.GPGenotype  - Best solution fitness: 0.24
[02.07.2016 13:35:04,420] [main] INFO  org.jgap.gp.impl.GPGenotype  - Best solution: (X - ((4.0 / ((sine (X - 2.0)) * (6.0 * (X - 4.0) * (X - ((((X * (3.0 * (X - 4.0) * X)) / 3.0) / 4.0) / 4.0))))) / 5.0)) - (((2.0 / X) / 4.0) / 6.0) ==> (Arg(2) + Arg(1) + Arg(0)) + ((Arg(1) + Arg(2) + Arg(0)) + (((Arg(0) + Arg(2) + Arg(2)) + Arg(2) + (Arg(2) + Arg(2) + Arg(0))) + ((Arg(2) + Arg(2) + Arg(1)) + (Arg(2) + Arg(1) + Arg(2)) + (Arg(1) + Arg(1) + Arg(0))) + (Arg(0) + (Arg(1) + Arg(0) + Arg(2)) + Arg(1))) + (Arg(1) + Arg(0) + Arg(1))) + (Arg(0) + Arg(2) + Arg(2))
[02.07.2016 13:35:08,024] [main] INFO  org.jgap.gp.impl.GPGenotype  - Best solution fitness: 0.24
[02.07.2016 13:35:08,026] [main] INFO  org.jgap.gp.impl.GPGenotype  - Best solution: (X - ((4.0 / ((sine (X - 2.0)) * (6.0 * (X - 4.0) * (X - ((((X * (3.0 * (X - 4.0) * X)) / 3.0) / 4.0) / 4.0))))) / 5.0)) - ((((5.0 / X) / 3.0) / 4.0) / 6.0) ==> (Arg(2) + Arg(2) + Arg(2)) + ((Arg(1) + Arg(2) + Arg(0)) + Arg(1) + (Arg(0) + ((Arg(0) + (Arg(2) + Arg(2) + Arg(1)) + (Arg(0) + Arg(0) + (Arg(1) + Arg(2) + Arg(1)))) + Arg(2) + Arg(2)) + Arg(1))) + Arg(0)
[02.07.2016 13:35:08,891] [main] INFO  org.jgap.gp.impl.GPGenotype  - Evolving generation 150, memory free: 19.5 MB
[02.07.2016 13:35:14,321] [main] INFO  org.jgap.gp.impl.GPGenotype  - Best solution fitness: 0.24
[02.07.2016 13:35:14,321] [main] INFO  org.jgap.gp.impl.GPGenotype  - Best solution: (X - ((4.0 / ((sine (4.0 / ((sine (X - 2.0)) * 3.0))) * (6.0 * (X - 4.0) * (X - ((((X * (3.0 * (X - 4.0) * X)) / 3.0) / 4.0) / 4.0))))) / 5.0)) - ((((5.0 / X) / 3.0) / 4.0) / 6.0) ==> Arg(0) + (Arg(2) + Arg(2) + Arg(1)) + (Arg(0) + (Arg(1) + Arg(0) + Arg(2)) + Arg(1))
[02.07.2016 13:35:16,584] [main] INFO  org.jgap.gp.impl.GPGenotype  - Evolving generation 175, memory free: 12.4 MB
[02.07.2016 13:35:20,071] [main] INFO  org.jgap.gp.impl.GPGenotype  - Best solution fitness: 0.24
[02.07.2016 13:35:20,071] [main] INFO  org.jgap.gp.impl.GPGenotype  - Best solution: (X - ((4.0 / ((sine (4.0 / ((sine (X - 2.0)) * 3.0))) * (6.0 * (X - 4.0) * (X - ((((X * (3.0 * (X - 4.0) * X)) / 3.0) / 4.0) / 4.0))))) / 5.0)) - ((((5.0 / X) / 3.0) / 4.0) / 5.0) ==> Arg(0) + Arg(1) + Arg(1)
[02.07.2016 13:35:20,342] [main] INFO  org.jgap.gp.impl.GPGenotype  - Best solution fitness: 0.24
[02.07.2016 13:35:20,342] [main] INFO  org.jgap.gp.impl.GPGenotype  - Best solution: (X - ((4.0 / ((sine (4.0 / ((sine (X - 2.0)) * 3.0))) * (6.0 * (X - 4.0) * (X - ((((X * (3.0 * (X - 4.0) * X)) / 3.0) / 4.0) / 4.0))))) / 5.0)) - (((5.0 / X) / 4.0) / 6.0) ==> Arg(0)
[02.07.2016 13:35:21,236] [main] INFO  org.jgap.gp.impl.GPGenotype  - Best solution fitness: 0.24
[02.07.2016 13:35:21,237] [main] INFO  org.jgap.gp.impl.GPGenotype  - Best solution: (X - ((4.0 / ((sine (sine (4.0 / ((sine (X - 2.0)) * 3.0)))) * (6.0 * (X - 4.0) * (X - ((((X * (3.0 * (X - 4.0) * X)) / 3.0) / 4.0) / 4.0))))) / 5.0)) - ((((5.0 / X) / 3.0) / 5.0) / 6.0) ==> Arg(1) + ((Arg(0) + Arg(2) + Arg(2)) + (Arg(2) + Arg(2) + Arg(1)) + ((Arg(2) + Arg(2) + Arg(1)) + (Arg(1) + Arg(2) + Arg(1)) + Arg(0))) + ((Arg(2) + Arg(2) + Arg(2)) + Arg(2) + Arg(1))
[02.07.2016 13:35:21,908] [main] INFO  org.jgap.gp.impl.GPGenotype  - Best solution fitness: 0.24
[02.07.2016 13:35:21,908] [main] INFO  org.jgap.gp.impl.GPGenotype  - Best solution: (X - ((4.0 / ((sine (4.0 / ((sine (X - 2.0)) * 5.0))) * (6.0 * (X - 4.0) * (X - ((((X * (3.0 * (X - 4.0) * X)) / 3.0) / 4.0) / 4.0))))) / 5.0)) - (((4.0 / X) / 5.0) / 6.0) ==> Arg(2) + (((Arg(2) + Arg(2) + Arg(1)) + (Arg(1) + Arg(0) + Arg(2)) + Arg(0)) + ((Arg(2) + Arg(2) + Arg(1)) + (Arg(2) + Arg(1) + Arg(0)) + (Arg(0) + Arg(2) + Arg(1))) + (Arg(0) + Arg(0) + Arg(0))) + (Arg(0) + Arg(2) + Arg(1))
[02.07.2016 13:35:23,381] [main] INFO  org.jgap.gp.impl.GPGenotype  - Best solution fitness: 0.24
[02.07.2016 13:35:23,381] [main] INFO  org.jgap.gp.impl.GPGenotype  - Best solution: (X - ((4.0 / ((sine (4.0 / ((sine (X - 2.0)) * 4.0))) * (6.0 * (X - 4.0) * (X - ((((X * (3.0 * (X - 4.0) * X)) / 3.0) / 4.0) / 4.0))))) / 5.0)) - ((((5.0 / X) / 3.0) / 4.0) / 5.0) ==> (Arg(0) + (Arg(0) + (Arg(1) + Arg(0) + Arg(2)) + Arg(1)) + (Arg(0) + Arg(0) + Arg(0))) + (Arg(0) + Arg(2) + Arg(0)) + (Arg(2) + Arg(2) + Arg(1))
[02.07.2016 13:35:24,695] [main] INFO  org.jgap.gp.impl.GPGenotype  - Evolving generation 200, memory free: 22.0 MB
[02.07.2016 13:35:26,192] [main] INFO  org.jgap.gp.impl.GPGenotype  - Best solution fitness: 0.24
[02.07.2016 13:35:26,192] [main] INFO  org.jgap.gp.impl.GPGenotype  - Best solution: (X - ((4.0 / ((sine (4.0 / ((sine (X - 2.0)) * 4.0))) * (6.0 * (X - 4.0) * (X - ((((X * (3.0 * (X - 4.0) * X)) / 3.0) / 4.0) / 4.0))))) / 5.0)) - ((((5.0 / X) / 3.0) / 3.0) / 5.0) ==> ((Arg(2) + Arg(2) + Arg(2)) + Arg(2) + (Arg(0) + Arg(2) + Arg(2))) + (Arg(0) + Arg(2) + Arg(2)) + ((Arg(0) + Arg(0) + Arg(0)) + (Arg(0) + Arg(1) + Arg(1)) + (Arg(0) + Arg(2) + Arg(2)))
[02.07.2016 13:35:26,453] [main] INFO  org.jgap.gp.impl.GPGenotype  - Best solution fitness: 0.24
[02.07.2016 13:35:26,453] [main] INFO  org.jgap.gp.impl.GPGenotype  - Best solution: (X - ((4.0 / ((sine (4.0 / ((sine (X - 2.0)) * 4.0))) * (6.0 * (X - 4.0) * (X - ((((X * (3.0 * (X - 4.0) * X)) / 3.0) / 4.0) / 4.0))))) / 5.0)) - ((((5.0 / X) / 3.0) / 4.0) / 3.0) ==> (Arg(0) + Arg(1) + Arg(1)) + (Arg(0) + Arg(0) + Arg(0)) + (Arg(0) + Arg(0) + Arg(0))
[02.07.2016 13:35:30,672] [main] INFO  org.jgap.gp.impl.GPGenotype  - Best solution fitness: 0.24
[02.07.2016 13:35:30,672] [main] INFO  org.jgap.gp.impl.GPGenotype  - Best solution: (X - ((4.0 / ((sine (4.0 / ((sine (X - 2.0)) * 4.0))) * (6.0 * (X - 4.0) * (X - ((((X * (3.0 * (X - 4.0) * X)) / 3.0) / 4.0) / 4.0))))) / 5.0)) - (((3.0 / X) / 4.0) / 5.0) ==> Arg(2)
[02.07.2016 13:35:32,325] [main] INFO  org.jgap.gp.impl.GPGenotype  - Evolving generation 225, memory free: 27.0 MB
[02.07.2016 13:35:35,676] [main] INFO  org.jgap.gp.impl.GPGenotype  - Best solution fitness: 0.24
[02.07.2016 13:35:35,676] [main] INFO  org.jgap.gp.impl.GPGenotype  - Best solution: (X - ((4.0 / ((sine (4.0 / ((sine (5.0 * (X - 4.0) * X)) * 4.0))) * (6.0 * (X - 4.0) * (X - ((((X * (3.0 * (X - 4.0) * X)) / 3.0) / 4.0) / 4.0))))) / 5.0)) - (((3.0 / X) / 4.0) / 5.0) ==> Arg(2) + (Arg(0) + Arg(1) + (Arg(0) + (Arg(0) + (Arg(2) + Arg(1) + (Arg(0) + Arg(2) + Arg(1))) + (Arg(2) + Arg(2) + Arg(2))) + Arg(1))) + Arg(0)
[02.07.2016 13:35:40,224] [main] INFO  org.jgap.gp.impl.GPGenotype  - Evolving generation 250, memory free: 32.5 MB
[02.07.2016 13:35:46,301] [main] INFO  org.jgap.gp.impl.GPGenotype  - Best solution fitness: 0.24
[02.07.2016 13:35:46,301] [main] INFO  org.jgap.gp.impl.GPGenotype  - Best solution: (X - ((4.0 / ((sine (4.0 / ((sine (5.0 * (X - 4.0) * X)) * 4.0))) * (6.0 * (X - 4.0) * (X - ((((X * (3.0 * (X - 4.0) * X)) / 3.0) / 4.0) / 4.0))))) / 5.0)) - (((3.0 / X) / (Exp(5.0))) / 5.0) ==> Arg(0) + (Arg(2) + (Arg(2) + (Arg(2) + Arg(1) + Arg(2)) + (Arg(1) + Arg(0) + Arg(1))) + (Arg(0) + Arg(0) + Arg(0))) + Arg(1)
[02.07.2016 13:35:47,035] [main] INFO  org.jgap.gp.impl.GPGenotype  - Best solution fitness: 0.24
[02.07.2016 13:35:47,035] [main] INFO  org.jgap.gp.impl.GPGenotype  - Best solution: (X - ((4.0 / ((sine (4.0 / ((sine (5.0 * (X - 4.0) * X)) * 4.0))) * (6.0 * (X - 4.0) * (X - ((((X * (3.0 * (X - 4.0) * X)) / 3.0) / 4.0) / 4.0))))) / 5.0)) - ((((sine 8.0) / X) / 4.0) / 5.0) ==> Arg(0) + (Arg(2) + (Arg(0) + Arg(2) + Arg(1)) + (Arg(1) + Arg(0) + Arg(1))) + (Arg(0) + Arg(0) + Arg(0))
[02.07.2016 13:35:48,277] [main] INFO  org.jgap.gp.impl.GPGenotype  - Best solution fitness: 0.24
[02.07.2016 13:35:48,278] [main] INFO  org.jgap.gp.impl.GPGenotype  - Best solution: (X - ((4.0 / ((sine (4.0 / ((sine (sine (5.0 * (X - 4.0) * X))) * 4.0))) * (6.0 * (X - 4.0) * (X - ((((X * (3.0 * (X - 4.0) * X)) / 3.0) / 4.0) / 4.0))))) / 5.0)) - (((3.0 / X) / 3.0) / 5.0) ==> (Arg(2) + Arg(2) + Arg(2)) + Arg(2) + Arg(0)
[02.07.2016 13:35:48,278] [main] INFO  org.jgap.gp.impl.GPGenotype  - Evolving generation 275, memory free: 21.9 MB
[02.07.2016 13:35:55,726] [main] INFO  org.jgap.gp.impl.GPGenotype  - Evolving generation 300, memory free: 13.3 MB
[02.07.2016 13:36:03,985] [main] INFO  org.jgap.gp.impl.GPGenotype  - Best solution fitness: 0.24
[02.07.2016 13:36:03,986] [main] INFO  org.jgap.gp.impl.GPGenotype  - Best solution: (X - ((4.0 / ((sine (4.0 / ((sine (sine (5.0 * (X - 4.0) * X))) * 4.0))) * (6.0 * (X - 4.0) * (X - ((((X * (3.0 * (X - 4.0) * X)) / 3.0) / 4.0) / 4.0))))) / 5.0)) - (((3.0 / X) / 4.0) / 5.0) ==> (Arg(2) + Arg(2) + Arg(2)) + Arg(2) + Arg(0)
[02.07.2016 13:36:03,986] [main] INFO  org.jgap.gp.impl.GPGenotype  - Evolving generation 325, memory free: 14.1 MB
[02.07.2016 13:36:06,133] [main] INFO  org.jgap.gp.impl.GPGenotype  - Best solution fitness: 0.23
[02.07.2016 13:36:06,133] [main] INFO  org.jgap.gp.impl.GPGenotype  - Best solution: (X - ((3.0 / ((sine (3.0 / ((sine ((4.0 / X) / 3.0)) * 4.0))) * (6.0 * (X - 4.0) * (X - ((((X * (3.0 * (X - 4.0) * X)) / 3.0) / 4.0) / 4.0))))) / 5.0)) - (((3.0 / X) / 3.0) / 5.0) ==> Arg(0) + Arg(0) + Arg(1)
[02.07.2016 13:36:08,005] [main] INFO  org.jgap.gp.impl.GPGenotype  - Best solution fitness: 0.23
[02.07.2016 13:36:08,006] [main] INFO  org.jgap.gp.impl.GPGenotype  - Best solution: (X - ((3.0 / ((sine (3.0 / ((sine ((4.0 / X) / 3.0)) * 4.0))) * (6.0 * (X - 4.0) * (X - ((((X * (3.0 * (X - 4.0) * X)) / 3.0) / 4.0) / 4.0))))) / 5.0)) - (((3.0 / X) / 4.0) / 5.0) ==> Arg(2) + Arg(2) + Arg(1)
[02.07.2016 13:36:11,978] [main] INFO  org.jgap.gp.impl.GPGenotype  - Evolving generation 350, memory free: 24.4 MB
[02.07.2016 13:36:20,174] [main] INFO  org.jgap.gp.impl.GPGenotype  - Evolving generation 375, memory free: 15.7 MB
[02.07.2016 13:36:28,891] [main] INFO  org.jgap.gp.impl.GPGenotype  - Evolving generation 400, memory free: 26.8 MB
[02.07.2016 13:36:37,237] [main] INFO  org.jgap.gp.impl.GPGenotype  - Evolving generation 425, memory free: 20.5 MB
[02.07.2016 13:36:47,660] [main] INFO  org.jgap.gp.impl.GPGenotype  - Evolving generation 450, memory free: 27.1 MB
[02.07.2016 13:36:56,725] [main] INFO  org.jgap.gp.impl.GPGenotype  - Evolving generation 475, memory free: 21.3 MB
[02.07.2016 13:37:08,051] [main] INFO  org.jgap.gp.impl.GPGenotype  - Evolving generation 500, memory free: 26.2 MB
[02.07.2016 13:37:16,915] [main] INFO  org.jgap.gp.impl.GPGenotype  - Evolving generation 525, memory free: 40.3 MB
[02.07.2016 13:37:24,999] [main] INFO  org.jgap.gp.impl.GPGenotype  - Evolving generation 550, memory free: 24.9 MB
[02.07.2016 13:37:27,088] [main] INFO  org.jgap.gp.impl.GPGenotype  - Best solution fitness: 0.23
[02.07.2016 13:37:27,088] [main] INFO  org.jgap.gp.impl.GPGenotype  - Best solution: (X - ((3.0 / ((sine (3.0 / ((sine ((4.0 / X) / 3.0)) * 4.0))) * (6.0 * (X - 4.0) * (X - ((((X * (3.0 * (X - 4.0) * X)) / 3.0) / 4.0) / 4.0))))) / 5.0)) - (((sine (3.0 / X)) / 4.0) / 5.0) ==> Arg(2)
[02.07.2016 13:37:32,900] [main] INFO  org.jgap.gp.impl.GPGenotype  - Best solution fitness: 0.23
[02.07.2016 13:37:32,901] [main] INFO  org.jgap.gp.impl.GPGenotype  - Best solution: (X - ((3.0 / ((sine (3.0 / ((sine ((4.0 / X) / 3.0)) * 4.0))) * (6.0 * (X - 4.0) * (X - ((((X * (3.0 * (X - 4.0) * X)) / 3.0) / 4.0) / 4.0))))) / 5.0)) - (((sine (sine (3.0 / X))) / 4.0) / 5.0) ==> ((Arg(1) + Arg(2) + Arg(0)) + Arg(2) + Arg(2)) + Arg(1) + Arg(1)
[02.07.2016 13:37:32,901] [main] INFO  org.jgap.gp.impl.GPGenotype  - Evolving generation 575, memory free: 30.1 MB
[02.07.2016 13:37:40,827] [main] INFO  org.jgap.gp.impl.GPGenotype  - Evolving generation 600, memory free: 17.7 MB
[02.07.2016 13:37:48,498] [main] INFO  org.jgap.gp.impl.GPGenotype  - Evolving generation 625, memory free: 15.4 MB
[02.07.2016 13:37:57,314] [main] INFO  org.jgap.gp.impl.GPGenotype  - Evolving generation 650, memory free: 18.4 MB
[02.07.2016 13:38:04,555] [main] INFO  org.jgap.gp.impl.GPGenotype  - Best solution fitness: 0.23
[02.07.2016 13:38:04,555] [main] INFO  org.jgap.gp.impl.GPGenotype  - Best solution: (X - ((3.0 / ((sine (3.0 / ((sine ((4.0 / X) / 3.0)) * 4.0))) * (6.0 * (X - 4.0) * (X - ((((X * (4.0 * (X - 4.0) * X)) / 4.0) / 4.0) / 4.0))))) / 5.0)) - (((sine (sine (3.0 / X))) / 4.0) / 5.0) ==> Arg(1)
[02.07.2016 13:38:05,827] [main] INFO  org.jgap.gp.impl.GPGenotype  - Evolving generation 675, memory free: 20.0 MB
[02.07.2016 13:38:14,346] [main] INFO  org.jgap.gp.impl.GPGenotype  - Evolving generation 700, memory free: 9.3 MB
[02.07.2016 13:38:22,189] [main] INFO  org.jgap.gp.impl.GPGenotype  - Evolving generation 725, memory free: 21.3 MB
[02.07.2016 13:38:30,061] [main] INFO  org.jgap.gp.impl.GPGenotype  - Evolving generation 750, memory free: 13.1 MB
[02.07.2016 13:38:37,958] [main] INFO  org.jgap.gp.impl.GPGenotype  - Evolving generation 775, memory free: 15.7 MB
[02.07.2016 13:38:46,233] [main] INFO  org.jgap.gp.impl.GPGenotype  - Best solution fitness: 0.23
[02.07.2016 13:38:46,233] [main] INFO  org.jgap.gp.impl.GPGenotype  - Best solution: (X - ((3.0 / ((sine (3.0 / ((sine ((4.0 / X) / 3.0)) * 4.0))) * (6.0 * (X - 4.0) * (X - ((((X * (4.0 * (X - 4.0) * X)) / 4.0) / 4.0) / 4.0))))) / 5.0)) - (((sine (sine (3.0 / X))) / 4.0) / 5.0) ==> Arg(1)
